176
0 9244
451 9997
5 363
20 354
38 338
52 292
101 266
9925 9977
844 9899
647 842
492 641
502 609
749 831
858 9884
900 9876
927 9870
931 9853
9762 9842
9599 9758
1045 9587
9214 9566
1059 9209
1178 9197
1110 1156
1181 9196
2867 9185
1229 2855
1184 1199
1248 2846
2710 2839
2096 2701
2074 2086
1340 2063
1380 2037
1878 2031
1843 1858
1409 1840
1771 1801
1456 1732
1426 1430
1691 1731
1616 1620
1457 1591
1565 1580
1464 1519
1947 1994
2440 2669
2126 2425
2101 2120
2241 2392
2163 2201
2304 2339
2248 2290
2473 2663
2595 2654
2641 2649
2720 2835
9108 9174
2883 9088
2993 9073
2951 2967
2952 2954
3029 9055
3417 9039
3046 3414
3072 3402
3201 3393
3120 3194
3354 3356
3275 3329
3442 9006
3604 8970
3520 3531
3628 8969
3645 8961
3691 8941
3654 3690
3748 8917
8682 8916
3772 8678
3831 8671
4162 8669
3919 4136
3856 3913
4034 4134
8492 8666
7187 8488
4184 7164
4197 7146
4219 7121
6545 7110
4220 6492
4225 6491
6400 6470
4257 6371
4268 6328
6106 6293
4297 6101
4472 6075
4397 4462
4497 6068
5856 6059
5692 5841
4540 5685
4515 4529
5630 5682
5616 5623
5586 5609
4562 5581
5561 5575
4575 5539
4601 5534
4904 5510
4742 4839
4634 4731
4641 4723
4757 4790
4913 5480
5145 5456
4999 5124
4943 4979
5033 5108
5320 5395
5166 5259
5175 5257
5656 5674
5723 5815
6003 6058
6166 6292
6107 6144
6167 6270
6415 6422
6631 7094
6551 6617
6833 7064
6633 6763
6657 6690
6638 6645
6874 7049
6965 7043
6995 7041
7197 8450
8363 8436
7222 8357
7275 8354
7288 8334
7476 8325
7414 7464
7358 7410
7401 7407
8262 8313
7479 8161
7489 8092
7713 8069
7668 7688
7525 7666
7505 7509
7528 7664
7724 8064
7845 8055
7818 7839
7754 7780
7894 7976
7850 7888
8365 8418
8495 8616
8837 8902
8700 8835
8718 8792
9300 9545
9235 9298
9401 9535
9430 9515
9723 9751
9602 9708
9682 9706
9607 9616
